<?xml version="1.0" encoding="UTF-8"?>
<!-- Generated by org.testng.reporters.JUnitReportReporter -->
<testsuite skipped="0" hostname="Xuhangs-MBP.cable.rcn.com" name="example.scenario3" tests="2" failures="0" timestamp="2020-01-05T11:59:02 EST" time="25.035" errors="0">
  <testcase name="addFirstItem" time="17.271" classname="example.scenario3"/>
  <testcase name="addSecondItem" time="7.764" classname="example.scenario3"/>
</testsuite> <!-- example.scenario3 -->
