<?xml version="1.0" encoding="UTF-8"?>
<!-- Generated by org.testng.reporters.JUnitReportReporter -->
<testsuite skipped="0" hostname="Xuhangs-MBP.cable.rcn.com" name="example.scenario2" tests="1" failures="0" timestamp="2020-01-05T11:59:02 EST" time="4.524" errors="0">
  <testcase name="sign_in_positive" time="4.524" classname="example.scenario2"/>
</testsuite> <!-- example.scenario2 -->
