<?xml version="1.0" encoding="UTF-8"?>
<!-- Generated by org.testng.reporters.JUnitReportReporter -->
<testsuite hostname="Vigneshs-MacBook-Pro.local" failures="0" tests="1" name="example.NewTest2" time="0.670" errors="0" timestamp="2019-11-15T12:01:23 EST" skipped="0">
  <testcase classname="example.NewTest2" name="f" time="0.670"/>
</testsuite> <!-- example.NewTest2 -->
